<?xml version="1.0" encoding="UTF-8"?>
<coverage generated="1704802938645" clover="3.2.0">
  <project timestamp="1704802938645" name="All files">
    <metrics statements="17" coveredstatements="12" conditionals="2" coveredconditionals="1" methods="9" coveredmethods="4" elements="28" coveredelements="17" complexity="0" loc="17" ncloc="17" packages="1" files="2" classes="2"/>
    <file name="Contact.js" path="/Users/mohit/Desktop/namaste-react/src/components/Contact.js">
      <metrics statements="15" coveredstatements="10" conditionals="2" coveredconditionals="1" methods="8" coveredmethods="3"/>
      <line num="3" count="1" type="stmt"/>
      <line num="4" count="1" type="stmt"/>
      <line num="5" count="1" type="stmt"/>
      <line num="8" count="1" type="stmt"/>
      <line num="9" count="1" type="cond" truecount="1" falsecount="1"/>
      <line num="10" count="0" type="stmt"/>
      <line num="13" count="1" type="stmt"/>
      <line num="16" count="1" type="stmt"/>
      <line num="17" count="0" type="stmt"/>
      <line num="19" count="1" type="stmt"/>
      <line num="20" count="0" type="stmt"/>
      <line num="22" count="1" type="stmt"/>
      <line num="23" count="0" type="stmt"/>
      <line num="24" count="0" type="stmt"/>
      <line num="27" count="1" type="stmt"/>
    </file>
    <file name="sum.js" path="/Users/mohit/Desktop/namaste-react/src/components/sum.js">
      <metrics statements="2" coveredstatements="2" conditionals="0" coveredconditionals="0" methods="1" coveredmethods="1"/>
      <line num="1" count="1" type="stmt"/>
      <line num="2" count="1" type="stmt"/>
    </file>
  </project>
</coverage>
