{"/Users/mohit/Desktop/namaste-react/src/components/Contact.js": {"path":"/Users/mohit/Desktop/namaste-react/src/components/Contact.js","statementMap":{"0":{"start":{"line":3,"column":16},"end":{"line":33,"column":1}},"1":{"start":{"line":4,"column":28},"end":{"line":4,"column":39}},"2":{"start":{"line":5,"column":26},"end":{"line":5,"column":40}},"3":{"start":{"line":8,"column":2},"end":{"line":14,"column":5}},"4":{"start":{"line":9,"column":4},"end":{"line":11,"column":5}},"5":{"start":{"line":10,"column":6},"end":{"line":10,"column":73}},"6":{"start":{"line":10,"column":39},"end":{"line":10,"column":65}},"7":{"start":{"line":10,"column":57},"end":{"line":10,"column":64}},"8":{"start":{"line":13,"column":4},"end":{"line":13,"column":45}},"9":{"start":{"line":13,"column":17},"end":{"line":13,"column":44}},"10":{"start":{"line":16,"column":22},"end":{"line":18,"column":3}},"11":{"start":{"line":17,"column":4},"end":{"line":17,"column":19}},"12":{"start":{"line":19,"column":21},"end":{"line":21,"column":3}},"13":{"start":{"line":20,"column":4},"end":{"line":20,"column":18}},"14":{"start":{"line":22,"column":22},"end":{"line":25,"column":3}},"15":{"start":{"line":23,"column":4},"end":{"line":23,"column":16}},"16":{"start":{"line":24,"column":4},"end":{"line":24,"column":18}},"17":{"start":{"line":27,"column":2},"end":{"line":32,"column":9}}},"fnMap":{"0":{"name":"(anonymous_0)","decl":{"start":{"line":3,"column":16},"end":{"line":3,"column":17}},"loc":{"start":{"line":3,"column":22},"end":{"line":33,"column":1}},"line":3},"1":{"name":"(anonymous_1)","decl":{"start":{"line":8,"column":12},"end":{"line":8,"column":13}},"loc":{"start":{"line":8,"column":18},"end":{"line":14,"column":3}},"line":8},"2":{"name":"(anonymous_2)","decl":{"start":{"line":10,"column":33},"end":{"line":10,"column":34}},"loc":{"start":{"line":10,"column":39},"end":{"line":10,"column":65}},"line":10},"3":{"name":"(anonymous_3)","decl":{"start":{"line":10,"column":48},"end":{"line":10,"column":49}},"loc":{"start":{"line":10,"column":57},"end":{"line":10,"column":64}},"line":10},"4":{"name":"(anonymous_4)","decl":{"start":{"line":13,"column":11},"end":{"line":13,"column":12}},"loc":{"start":{"line":13,"column":17},"end":{"line":13,"column":44}},"line":13},"5":{"name":"(anonymous_5)","decl":{"start":{"line":16,"column":22},"end":{"line":16,"column":23}},"loc":{"start":{"line":16,"column":28},"end":{"line":18,"column":3}},"line":16},"6":{"name":"(anonymous_6)","decl":{"start":{"line":19,"column":21},"end":{"line":19,"column":22}},"loc":{"start":{"line":19,"column":27},"end":{"line":21,"column":3}},"line":19},"7":{"name":"(anonymous_7)","decl":{"start":{"line":22,"column":22},"end":{"line":22,"column":23}},"loc":{"start":{"line":22,"column":28},"end":{"line":25,"column":3}},"line":22}},"branchMap":{"0":{"loc":{"start":{"line":9,"column":4},"end":{"line":11,"column":5}},"type":"if","locations":[{"start":{"line":9,"column":4},"end":{"line":11,"column":5}},{"start":{},"end":{}}],"line":9}},"s":{"0":1,"1":1,"2":1,"3":1,"4":1,"5":0,"6":0,"7":0,"8":1,"9":1,"10":1,"11":0,"12":1,"13":0,"14":1,"15":0,"16":0,"17":1},"f":{"0":1,"1":1,"2":0,"3":0,"4":1,"5":0,"6":0,"7":0},"b":{"0":[0,1]},"_coverageSchema":"1a1c01bbd47fc00a2c39e90264f33305004495a9","hash":"6f271bad6d98d6790b0ab47af65bf0fa8cd2d2e4"}
,"/Users/mohit/Desktop/namaste-react/src/components/sum.js": {"path":"/Users/mohit/Desktop/namaste-react/src/components/sum.js","statementMap":{"0":{"start":{"line":1,"column":19},"end":{"line":3,"column":1}},"1":{"start":{"line":2,"column":2},"end":{"line":2,"column":15}}},"fnMap":{"0":{"name":"(anonymous_0)","decl":{"start":{"line":1,"column":19},"end":{"line":1,"column":20}},"loc":{"start":{"line":1,"column":29},"end":{"line":3,"column":1}},"line":1}},"branchMap":{},"s":{"0":1,"1":1},"f":{"0":1},"b":{},"_coverageSchema":"1a1c01bbd47fc00a2c39e90264f33305004495a9","hash":"62fabe0fc3a7bbf4b78c075760f450d6416eb2ba"}
}
